#! /usr/bin/vvp
:ivl_version "11.0 (stable)" "(v11_0)";
:ivl_delay_selection "TYPICAL";
:vpi_time_precision + 0;
:vpi_module "/usr/lib/ivl/system.vpi";
:vpi_module "/usr/lib/ivl/vhdl_sys.vpi";
:vpi_module "/usr/lib/ivl/vhdl_textio.vpi";
:vpi_module "/usr/lib/ivl/v2005_math.vpi";
:vpi_module "/usr/lib/ivl/va_math.vpi";
S_0x5644f26f31b0 .scope module, "test_bench" "test_bench" 2 3;
 .timescale 0 0;
P_0x5644f26a1140 .param/l "fsm_consume_data_done" 1 2 97, +C4<00000000000000000000000000000100>;
P_0x5644f26a1180 .param/l "fsm_consume_data_rd" 1 2 95, +C4<00000000000000000000000000000010>;
P_0x5644f26a11c0 .param/l "fsm_consume_data_rq_rd" 1 2 94, +C4<00000000000000000000000000000001>;
P_0x5644f26a1200 .param/l "fsm_consume_data_show" 1 2 96, +C4<00000000000000000000000000000011>;
P_0x5644f26a1240 .param/l "fsm_consume_data_wait" 1 2 93, +C4<00000000000000000000000000000000>;
P_0x5644f26a1280 .param/l "fsm_done" 1 2 44, +C4<00000000000000000000000000000001>;
P_0x5644f26a12c0 .param/l "fsm_produce" 1 2 43, +C4<00000000000000000000000000000000>;
P_0x5644f26a1300 .param/l "max_data" 1 2 79, +C4<00000000000000000000000000100000>;
v0x5644f27183a0_0 .var "config_counter", 1 0;
L_0x7f1300e900f0 .functor BUFT 1, C4<00000000000000000000000000000000>, C4<0>, C4<0>, C4<0>;
v0x5644f27184a0 .array "config_rom", 1 0;
v0x5644f27184a0_0 .net v0x5644f27184a0 0, 31 0, L_0x7f1300e900f0; 1 drivers
L_0x7f1300e90138 .functor BUFT 1, C4<00000000000000000000000000011111>, C4<0>, C4<0>, C4<0>;
v0x5644f27184a0_1 .net v0x5644f27184a0 1, 31 0, L_0x7f1300e90138; 1 drivers
v0x5644f27185c0_0 .var "data", 95 0;
v0x5644f27186b0_0 .var "done", 0 0;
v0x5644f2718770_0 .var "fsm_consume_data", 2 0;
v0x5644f27188a0_0 .var "fsm_produce_data", 1 0;
v0x5644f2718980_0 .var "grn_pe_naive_config_input", 31 0;
v0x5644f2718a40_0 .var "grn_pe_naive_config_input_done", 0 0;
v0x5644f2718b10_0 .var "grn_pe_naive_config_input_valid", 0 0;
v0x5644f2718be0_0 .net "grn_pe_naive_config_output", 31 0, v0x5644f2716b00_0;  1 drivers
v0x5644f2718cb0_0 .net "grn_pe_naive_config_output_done", 0 0, v0x5644f2716be0_0;  1 drivers
v0x5644f2718d80_0 .net "grn_pe_naive_config_output_valid", 0 0, v0x5644f2716ca0_0;  1 drivers
L_0x7f1300e900a8 .functor BUFT 1, C4<0>, C4<0>, C4<0>, C4<0>;
v0x5644f2718e50_0 .net "grn_pe_naive_pe_bypass_available", 0 0, L_0x7f1300e900a8;  1 drivers
L_0x7f1300e90060 .functor BUFT 1, C4<00000000000000000000000000000000>, C4<0>, C4<0>, C4<0>;
v0x5644f2718f20_0 .net "grn_pe_naive_pe_bypass_data", 31 0, L_0x7f1300e90060;  1 drivers
v0x5644f2718ff0_0 .net "grn_pe_naive_pe_bypass_read_enable", 0 0, v0x5644f27178f0_0;  1 drivers
L_0x7f1300e90018 .functor BUFT 1, C4<0>, C4<0>, C4<0>, C4<0>;
v0x5644f27190c0_0 .net "grn_pe_naive_pe_bypass_valid", 0 0, L_0x7f1300e90018;  1 drivers
v0x5644f2719190_0 .net "grn_pe_naive_pe_output_available", 0 0, L_0x5644f272f390;  1 drivers
v0x5644f2719260_0 .net "grn_pe_naive_pe_output_data", 31 0, v0x5644f2715ef0_0;  1 drivers
v0x5644f2719300_0 .var "grn_pe_naive_pe_output_read_enable", 0 0;
v0x5644f27193f0_0 .net "grn_pe_naive_pe_output_valid", 0 0, v0x5644f2716090_0;  1 drivers
v0x5644f27194e0_0 .net "i_state", 4 0, L_0x5644f2729d30;  1 drivers
v0x5644f2719580_0 .net "period", 31 0, L_0x5644f2729b00;  1 drivers
v0x5644f2719620_0 .var "rd_counter", 1 0;
v0x5644f27196c0_0 .var "rec_data_counter", 4 0;
v0x5644f2719760_0 .net "s_state", 4 0, L_0x5644f2729c90;  1 drivers
v0x5644f2719840_0 .var "tb_clk", 0 0;
v0x5644f27198e0_0 .var "tb_rst", 0 0;
v0x5644f2719980_0 .net "transient", 31 0, L_0x5644f2729ba0;  1 drivers
L_0x5644f2729b00 .part v0x5644f27185c0_0, 0, 32;
L_0x5644f2729ba0 .part v0x5644f27185c0_0, 32, 32;
L_0x5644f2729c90 .part v0x5644f27185c0_0, 64, 5;
L_0x5644f2729d30 .part v0x5644f27185c0_0, 69, 5;
S_0x5644f2689c80 .scope module, "grn_naive_pe" "grn_naive_pe" 2 153, 2 221 0, S_0x5644f26f31b0;
 .timescale 0 0;
    .port_info 0 /INPUT 1 "clk";
    .port_info 1 /INPUT 1 "rst";
    .port_info 2 /INPUT 1 "config_input_done";
    .port_info 3 /INPUT 1 "config_input_valid";
    .port_info 4 /INPUT 32 "config_input";
    .port_info 5 /OUTPUT 1 "config_output_done";
    .port_info 6 /OUTPUT 1 "config_output_valid";
    .port_info 7 /OUTPUT 32 "config_output";
    .port_info 8 /OUTPUT 1 "pe_bypass_read_enable";
    .port_info 9 /INPUT 1 "pe_bypass_valid";
    .port_info 10 /INPUT 32 "pe_bypass_data";
    .port_info 11 /INPUT 1 "pe_bypass_available";
    .port_info 12 /INPUT 1 "pe_output_read_enable";
    .port_info 13 /OUTPUT 1 "pe_output_valid";
    .port_info 14 /OUTPUT 32 "pe_output_data";
    .port_info 15 /OUTPUT 1 "pe_output_available";
P_0x5644f2689e10 .param/l "fsm_pe_jo_look_grn" 1 2 262, +C4<00000000000000000000000000000000>;
P_0x5644f2689e50 .param/l "fsm_pe_jo_look_pe" 1 2 265, +C4<00000000000000000000000000000011>;
P_0x5644f2689e90 .param/l "fsm_pe_jo_rd_grn" 1 2 263, +C4<00000000000000000000000000000001>;
P_0x5644f2689ed0 .param/l "fsm_pe_jo_rd_pe" 1 2 266, +C4<00000000000000000000000000000100>;
P_0x5644f2689f10 .param/l "fsm_pe_jo_wr_grn" 1 2 264, +C4<00000000000000000000000000000010>;
P_0x5644f2689f50 .param/l "fsm_pe_jo_wr_pe" 1 2 267, +C4<00000000000000000000000000000101>;
L_0x5644f26e3ec0 .functor BUFZ 32, L_0x5644f2729f30, C4<00000000000000000000000000000000>, C4<00000000000000000000000000000000>, C4<00000000000000000000000000000000>;
L_0x5644f272f390 .functor NOT 1, v0x5644f2715b80_0, C4<0>, C4<0>, C4<0>;
v0x5644f27165f0_0 .net "clk", 0 0, v0x5644f2719840_0;  1 drivers
v0x5644f27166b0_0 .var "config_counter", 0 0;
v0x5644f2716790_0 .net "config_forward", 31 0, L_0x5644f26e3ec0;  1 drivers
v0x5644f2716850_0 .net "config_input", 31 0, v0x5644f2718980_0;  1 drivers
v0x5644f2716930_0 .net "config_input_done", 0 0, v0x5644f2718a40_0;  1 drivers
v0x5644f2716a40_0 .net "config_input_valid", 0 0, v0x5644f2718b10_0;  1 drivers
v0x5644f2716b00_0 .var "config_output", 31 0;
v0x5644f2716be0_0 .var "config_output_done", 0 0;
v0x5644f2716ca0_0 .var "config_output_valid", 0 0;
v0x5644f2716d60_0 .net "fifo_out_empty", 0 0, v0x5644f2715b80_0;  1 drivers
v0x5644f2716e00_0 .net "fifo_out_full", 0 0, v0x5644f27158e0_0;  1 drivers
v0x5644f2716ea0_0 .var "fifo_out_input_data", 31 0;
v0x5644f2716f40_0 .var "fifo_out_write_enable", 0 0;
v0x5644f2717010_0 .var "fsm_pe_jo", 2 0;
v0x5644f27170b0_0 .net "grn_final_state", 4 0, L_0x5644f272a1e0;  1 drivers
v0x5644f2717180_0 .net "grn_initial_state", 4 0, L_0x5644f272a0a0;  1 drivers
v0x5644f2717250_0 .net "grn_output_available", 0 0, L_0x5644f26e7d20;  1 drivers
v0x5644f2717430_0 .net "grn_output_data", 31 0, v0x5644f270fb90_0;  1 drivers
v0x5644f27174d0_0 .var "grn_output_read_enable", 0 0;
v0x5644f27175c0_0 .net "grn_output_valid", 0 0, v0x5644f270fd30_0;  1 drivers
v0x5644f27176b0_0 .var "is_configured", 0 0;
v0x5644f2717750_0 .net "pe_bypass_available", 0 0, L_0x7f1300e900a8;  alias, 1 drivers
v0x5644f2717810_0 .net "pe_bypass_data", 31 0, L_0x7f1300e90060;  alias, 1 drivers
v0x5644f27178f0_0 .var "pe_bypass_read_enable", 0 0;
v0x5644f27179b0_0 .net "pe_bypass_valid", 0 0, L_0x7f1300e90018;  alias, 1 drivers
v0x5644f2717a70_0 .var "pe_data_conf", 63 0;
v0x5644f2717b50_0 .net "pe_end_conf", 31 0, L_0x5644f2729f30;  1 drivers
v0x5644f2717c30_0 .net "pe_init_conf", 31 0, L_0x5644f2729e60;  1 drivers
v0x5644f2717d10_0 .net "pe_output_available", 0 0, L_0x5644f272f390;  alias, 1 drivers
v0x5644f2717dd0_0 .net "pe_output_data", 31 0, v0x5644f2715ef0_0;  alias, 1 drivers
v0x5644f2717e90_0 .net "pe_output_read_enable", 0 0, v0x5644f2719300_0;  1 drivers
v0x5644f2717f30_0 .net "pe_output_valid", 0 0, v0x5644f2716090_0;  alias, 1 drivers
v0x5644f2717fd0_0 .var "rd_wr_counter", 1 0;
v0x5644f2718070_0 .net "rst", 0 0, v0x5644f27198e0_0;  1 drivers
v0x5644f2718110_0 .var "start_grn", 0 0;
L_0x5644f2729e60 .part v0x5644f2717a70_0, 0, 32;
L_0x5644f2729f30 .part v0x5644f2717a70_0, 32, 32;
L_0x5644f272a0a0 .part L_0x5644f2729e60, 0, 5;
L_0x5644f272a1e0 .part L_0x5644f2729f30, 0, 5;
S_0x5644f263ce60 .scope module, "grn_naive_core" "grn_naive_core" 2 377, 2 432 0, S_0x5644f2689c80;
 .timescale 0 0;
    .port_info 0 /INPUT 1 "clk";
    .port_info 1 /INPUT 1 "rst";
    .port_info 2 /INPUT 1 "start";
    .port_info 3 /INPUT 5 "initial_state";
    .port_info 4 /INPUT 5 "final_state";
    .port_info 5 /INPUT 1 "output_read_enable";
    .port_info 6 /OUTPUT 1 "output_valid";
    .port_info 7 /OUTPUT 32 "output_data";
    .port_info 8 /OUTPUT 1 "output_available";
P_0x5644f26b8e40 .param/l "fsm_naive_done" 1 2 477, +C4<00000000000000000000000000000111>;
P_0x5644f26b8e80 .param/l "fsm_naive_init" 1 2 471, +C4<00000000000000000000000000000001>;
P_0x5644f26b8ec0 .param/l "fsm_naive_period_finder" 1 2 473, +C4<00000000000000000000000000000011>;
P_0x5644f26b8f00 .param/l "fsm_naive_prepare_to_write" 1 2 474, +C4<00000000000000000000000000000100>;
P_0x5644f26b8f40 .param/l "fsm_naive_set" 1 2 470, +C4<00000000000000000000000000000000>;
P_0x5644f26b8f80 .param/l "fsm_naive_transient_finder" 1 2 472, +C4<00000000000000000000000000000010>;
P_0x5644f26b8fc0 .param/l "fsm_naive_verify" 1 2 476, +C4<00000000000000000000000000000110>;
P_0x5644f26b9000 .param/l "fsm_naive_write" 1 2 475, +C4<00000000000000000000000000000101>;
L_0x5644f26e7d20 .functor NOT 1, v0x5644f26e7e40_0, C4<0>, C4<0>, C4<0>;
L_0x5644f26e1fa0 .functor OR 1, L_0x5644f272a3a0, L_0x5644f272a440, C4<0>, C4<0>;
L_0x5644f26cb890 .functor AND 1, L_0x5644f26e1fa0, L_0x5644f272a670, C4<1>, C4<1>;
L_0x5644f26bc260 .functor AND 1, L_0x5644f26cb890, L_0x5644f272a960, C4<1>, C4<1>;
L_0x5644f272ad90 .functor AND 1, L_0x5644f272ab10, L_0x5644f272aca0, C4<1>, C4<1>;
L_0x5644f272b260 .functor AND 1, L_0x5644f272aea0, L_0x5644f272b150, C4<1>, C4<1>;
L_0x5644f272b1f0 .functor AND 1, L_0x5644f272b3b0, L_0x5644f272b450, C4<1>, C4<1>;
L_0x5644f272b830 .functor AND 1, L_0x5644f272b1f0, L_0x5644f272b6b0, C4<1>, C4<1>;
L_0x5644f272bbc0 .functor AND 1, L_0x5644f272b830, L_0x5644f272ba30, C4<1>, C4<1>;
L_0x5644f272c1b0 .functor AND 1, L_0x5644f272beb0, L_0x5644f272c000, C4<1>, C4<1>;
L_0x5644f272c530 .functor AND 1, L_0x5644f272c1b0, L_0x5644f272c3c0, C4<1>, C4<1>;
L_0x5644f272c900 .functor OR 1, L_0x5644f272c690, L_0x5644f272c730, C4<0>, C4<0>;
L_0x5644f272cd00 .functor AND 1, L_0x5644f272c900, L_0x5644f272cb20, C4<1>, C4<1>;
L_0x5644f272d050 .functor AND 1, L_0x5644f272cd00, L_0x5644f272ceb0, C4<1>, C4<1>;
L_0x5644f272ca10 .functor AND 1, L_0x5644f272d1e0, L_0x5644f272d430, C4<1>, C4<1>;
L_0x5644f272d660 .functor AND 1, L_0x5644f272d5c0, L_0x5644f272d820, C4<1>, C4<1>;
L_0x5644f272dd50 .functor AND 1, L_0x5644f272dad0, L_0x5644f272db70, C4<1>, C4<1>;
L_0x5644f272e140 .functor AND 1, L_0x5644f272dd50, L_0x5644f272df00, C4<1>, C4<1>;
L_0x5644f272e5e0 .functor AND 1, L_0x5644f272e140, L_0x5644f272e390, C4<1>, C4<1>;
L_0x5644f272edf0 .functor AND 1, L_0x5644f272e8d0, L_0x5644f272eb80, C4<1>, C4<1>;
L_0x5644f272f230 .functor AND 1, L_0x5644f272edf0, L_0x5644f272efb0, C4<1>, C4<1>;
v0x5644f27102b0_0 .net *"_ivl_102", 0 0, L_0x5644f272d1e0;  1 drivers
v0x5644f27103b0_0 .net *"_ivl_104", 0 0, L_0x5644f272d280;  1 drivers
v0x5644f2710490_0 .net *"_ivl_106", 0 0, L_0x5644f272d430;  1 drivers
v0x5644f2710530_0 .net *"_ivl_108", 0 0, L_0x5644f272ca10;  1 drivers
v0x5644f27105f0_0 .net *"_ivl_11", 0 0, L_0x5644f272a5d0;  1 drivers
v0x5644f27106d0_0 .net *"_ivl_112", 0 0, L_0x5644f272d5c0;  1 drivers
v0x5644f27107b0_0 .net *"_ivl_114", 0 0, L_0x5644f272d780;  1 drivers
v0x5644f2710890_0 .net *"_ivl_116", 0 0, L_0x5644f272d820;  1 drivers
v0x5644f2710950_0 .net *"_ivl_118", 0 0, L_0x5644f272d660;  1 drivers
v0x5644f2710a10_0 .net *"_ivl_122", 0 0, L_0x5644f272dad0;  1 drivers
v0x5644f2710af0_0 .net *"_ivl_124", 0 0, L_0x5644f272db70;  1 drivers
v0x5644f2710bd0_0 .net *"_ivl_126", 0 0, L_0x5644f272dd50;  1 drivers
v0x5644f2710c90_0 .net *"_ivl_128", 0 0, L_0x5644f272de60;  1 drivers
v0x5644f2710d70_0 .net *"_ivl_13", 0 0, L_0x5644f272a670;  1 drivers
v0x5644f2710e30_0 .net *"_ivl_130", 0 0, L_0x5644f272df00;  1 drivers
v0x5644f2710ef0_0 .net *"_ivl_132", 0 0, L_0x5644f272e140;  1 drivers
v0x5644f2710fb0_0 .net *"_ivl_134", 0 0, L_0x5644f272e2f0;  1 drivers
v0x5644f2711090_0 .net *"_ivl_136", 0 0, L_0x5644f272e390;  1 drivers
v0x5644f2711150_0 .net *"_ivl_138", 0 0, L_0x5644f272e5e0;  1 drivers
v0x5644f2711210_0 .net *"_ivl_143", 0 0, L_0x5644f272e8d0;  1 drivers
v0x5644f27112f0_0 .net *"_ivl_145", 0 0, L_0x5644f272eae0;  1 drivers
v0x5644f27113d0_0 .net *"_ivl_147", 0 0, L_0x5644f272eb80;  1 drivers
v0x5644f2711490_0 .net *"_ivl_149", 0 0, L_0x5644f272edf0;  1 drivers
v0x5644f2711550_0 .net *"_ivl_15", 0 0, L_0x5644f26cb890;  1 drivers
v0x5644f2711610_0 .net *"_ivl_151", 0 0, L_0x5644f272e250;  1 drivers
v0x5644f27116f0_0 .net *"_ivl_153", 0 0, L_0x5644f272efb0;  1 drivers
v0x5644f27117b0_0 .net *"_ivl_155", 0 0, L_0x5644f272f230;  1 drivers
v0x5644f2711870_0 .net *"_ivl_17", 0 0, L_0x5644f272a830;  1 drivers
v0x5644f2711950_0 .net *"_ivl_19", 0 0, L_0x5644f272a960;  1 drivers
v0x5644f2711a10_0 .net *"_ivl_21", 0 0, L_0x5644f26bc260;  1 drivers
v0x5644f2711ad0_0 .net *"_ivl_25", 0 0, L_0x5644f272ab10;  1 drivers
v0x5644f2711bb0_0 .net *"_ivl_27", 0 0, L_0x5644f272abb0;  1 drivers
v0x5644f2711c90_0 .net *"_ivl_29", 0 0, L_0x5644f272aca0;  1 drivers
v0x5644f2711f60_0 .net *"_ivl_31", 0 0, L_0x5644f272ad90;  1 drivers
v0x5644f2712020_0 .net *"_ivl_35", 0 0, L_0x5644f272aea0;  1 drivers
v0x5644f2712100_0 .net *"_ivl_37", 0 0, L_0x5644f272afa0;  1 drivers
v0x5644f27121e0_0 .net *"_ivl_39", 0 0, L_0x5644f272b150;  1 drivers
v0x5644f27122a0_0 .net *"_ivl_41", 0 0, L_0x5644f272b260;  1 drivers
v0x5644f2712360_0 .net *"_ivl_45", 0 0, L_0x5644f272b3b0;  1 drivers
v0x5644f2712440_0 .net *"_ivl_47", 0 0, L_0x5644f272b450;  1 drivers
v0x5644f2712520_0 .net *"_ivl_49", 0 0, L_0x5644f272b1f0;  1 drivers
v0x5644f27125e0_0 .net *"_ivl_5", 0 0, L_0x5644f272a3a0;  1 drivers
v0x5644f27126c0_0 .net *"_ivl_51", 0 0, L_0x5644f272b610;  1 drivers
v0x5644f27127a0_0 .net *"_ivl_53", 0 0, L_0x5644f272b6b0;  1 drivers
v0x5644f2712860_0 .net *"_ivl_55", 0 0, L_0x5644f272b830;  1 drivers
v0x5644f2712920_0 .net *"_ivl_57", 0 0, L_0x5644f272b990;  1 drivers
v0x5644f2712a00_0 .net *"_ivl_59", 0 0, L_0x5644f272ba30;  1 drivers
v0x5644f2712ac0_0 .net *"_ivl_61", 0 0, L_0x5644f272bbc0;  1 drivers
v0x5644f2712b80_0 .net *"_ivl_66", 0 0, L_0x5644f272beb0;  1 drivers
v0x5644f2712c60_0 .net *"_ivl_68", 0 0, L_0x5644f272bb20;  1 drivers
v0x5644f2712d40_0 .net *"_ivl_7", 0 0, L_0x5644f272a440;  1 drivers
v0x5644f2712e20_0 .net *"_ivl_70", 0 0, L_0x5644f272c000;  1 drivers
v0x5644f2712ee0_0 .net *"_ivl_72", 0 0, L_0x5644f272c1b0;  1 drivers
v0x5644f2712fa0_0 .net *"_ivl_74", 0 0, L_0x5644f272c320;  1 drivers
v0x5644f2713080_0 .net *"_ivl_76", 0 0, L_0x5644f272c3c0;  1 drivers
v0x5644f2713140_0 .net *"_ivl_78", 0 0, L_0x5644f272c530;  1 drivers
v0x5644f2713200_0 .net *"_ivl_82", 0 0, L_0x5644f272c690;  1 drivers
v0x5644f27132e0_0 .net *"_ivl_84", 0 0, L_0x5644f272c730;  1 drivers
v0x5644f27133c0_0 .net *"_ivl_86", 0 0, L_0x5644f272c900;  1 drivers
v0x5644f2713480_0 .net *"_ivl_88", 0 0, L_0x5644f272ca80;  1 drivers
v0x5644f2713560_0 .net *"_ivl_9", 0 0, L_0x5644f26e1fa0;  1 drivers
v0x5644f2713620_0 .net *"_ivl_90", 0 0, L_0x5644f272cb20;  1 drivers
v0x5644f27136e0_0 .net *"_ivl_92", 0 0, L_0x5644f272cd00;  1 drivers
v0x5644f27137a0_0 .net *"_ivl_94", 0 0, L_0x5644f272ce10;  1 drivers
v0x5644f2713880_0 .net *"_ivl_96", 0 0, L_0x5644f272ceb0;  1 drivers
v0x5644f2713d50_0 .net *"_ivl_98", 0 0, L_0x5644f272d050;  1 drivers
v0x5644f2713e10_0 .var "actual_state_s1", 4 0;
v0x5644f2713ef0_0 .var "actual_state_s2", 4 0;
v0x5644f2713fd0_0 .net "clk", 0 0, v0x5644f2719840_0;  alias, 1 drivers
v0x5644f2714070_0 .var "data_to_write", 95 0;
v0x5644f2714130_0 .var "exec_state", 4 0;
v0x5644f2714210_0 .net "fifo_empty", 0 0, v0x5644f26e7e40_0;  1 drivers
v0x5644f27142e0_0 .net "fifo_full", 0 0, v0x5644f26e9570_0;  1 drivers
v0x5644f27143b0_0 .var "fifo_input_data", 31 0;
v0x5644f2714480_0 .var "fifo_write_enable", 0 0;
v0x5644f2714550_0 .net "final_state", 4 0, L_0x5644f272a1e0;  alias, 1 drivers
v0x5644f27145f0_0 .var "flag_first_it", 0 0;
v0x5644f2714690_0 .var "flag_pulse", 0 0;
v0x5644f2714750_0 .var "fsm_naive", 2 0;
v0x5644f2714830_0 .net "initial_state", 4 0, L_0x5644f272a0a0;  alias, 1 drivers
v0x5644f2714910_0 .net "next_state_s1", 4 0, L_0x5644f272bcd0;  1 drivers
v0x5644f27149f0_0 .net "next_state_s2", 4 0, L_0x5644f272e6f0;  1 drivers
v0x5644f2714ad0_0 .net "output_available", 0 0, L_0x5644f26e7d20;  alias, 1 drivers
v0x5644f2714b90_0 .net "output_data", 31 0, v0x5644f270fb90_0;  alias, 1 drivers
v0x5644f2714c80_0 .net "output_read_enable", 0 0, v0x5644f27174d0_0;  1 drivers
v0x5644f2714d50_0 .net "output_valid", 0 0, v0x5644f270fd30_0;  alias, 1 drivers
v0x5644f2714e20_0 .var "period_counter", 31 0;
v0x5644f2714ec0_0 .net "rst", 0 0, v0x5644f27198e0_0;  alias, 1 drivers
v0x5644f2714f90_0 .net "start", 0 0, v0x5644f2718110_0;  1 drivers
v0x5644f2715030_0 .var "transient_counter", 31 0;
v0x5644f27150f0_0 .var "write_counter", 1 0;
L_0x5644f272a3a0 .part v0x5644f2713e10_0, 0, 1;
L_0x5644f272a440 .part v0x5644f2713e10_0, 1, 1;
L_0x5644f272a5d0 .part v0x5644f2713e10_0, 4, 1;
L_0x5644f272a670 .reduce/nor L_0x5644f272a5d0;
L_0x5644f272a830 .part v0x5644f2713e10_0, 2, 1;
L_0x5644f272a960 .reduce/nor L_0x5644f272a830;
L_0x5644f272ab10 .part v0x5644f2713e10_0, 3, 1;
L_0x5644f272abb0 .part v0x5644f2713e10_0, 0, 1;
L_0x5644f272aca0 .reduce/nor L_0x5644f272abb0;
L_0x5644f272aea0 .part v0x5644f2713e10_0, 0, 1;
L_0x5644f272afa0 .part v0x5644f2713e10_0, 3, 1;
L_0x5644f272b150 .reduce/nor L_0x5644f272afa0;
L_0x5644f272b3b0 .part v0x5644f2713e10_0, 0, 1;
L_0x5644f272b450 .part v0x5644f2713e10_0, 4, 1;
L_0x5644f272b610 .part v0x5644f2713e10_0, 1, 1;
L_0x5644f272b6b0 .reduce/nor L_0x5644f272b610;
L_0x5644f272b990 .part v0x5644f2713e10_0, 3, 1;
L_0x5644f272ba30 .reduce/nor L_0x5644f272b990;
LS_0x5644f272bcd0_0_0 .concat8 [ 1 1 1 1], L_0x5644f26bc260, L_0x5644f272ad90, L_0x5644f272b260, L_0x5644f272bbc0;
LS_0x5644f272bcd0_0_4 .concat8 [ 1 0 0 0], L_0x5644f272c530;
L_0x5644f272bcd0 .concat8 [ 4 1 0 0], LS_0x5644f272bcd0_0_0, LS_0x5644f272bcd0_0_4;
L_0x5644f272beb0 .part v0x5644f2713e10_0, 0, 1;
L_0x5644f272bb20 .part v0x5644f2713e10_0, 4, 1;
L_0x5644f272c000 .reduce/nor L_0x5644f272bb20;
L_0x5644f272c320 .part v0x5644f2713e10_0, 2, 1;
L_0x5644f272c3c0 .reduce/nor L_0x5644f272c320;
L_0x5644f272c690 .part v0x5644f2713ef0_0, 0, 1;
L_0x5644f272c730 .part v0x5644f2713ef0_0, 1, 1;
L_0x5644f272ca80 .part v0x5644f2713ef0_0, 4, 1;
L_0x5644f272cb20 .reduce/nor L_0x5644f272ca80;
L_0x5644f272ce10 .part v0x5644f2713ef0_0, 2, 1;
L_0x5644f272ceb0 .reduce/nor L_0x5644f272ce10;
L_0x5644f272d1e0 .part v0x5644f2713ef0_0, 3, 1;
L_0x5644f272d280 .part v0x5644f2713ef0_0, 0, 1;
L_0x5644f272d430 .reduce/nor L_0x5644f272d280;
L_0x5644f272d5c0 .part v0x5644f2713ef0_0, 0, 1;
L_0x5644f272d780 .part v0x5644f2713ef0_0, 3, 1;
L_0x5644f272d820 .reduce/nor L_0x5644f272d780;
L_0x5644f272dad0 .part v0x5644f2713ef0_0, 0, 1;
L_0x5644f272db70 .part v0x5644f2713ef0_0, 4, 1;
L_0x5644f272de60 .part v0x5644f2713ef0_0, 1, 1;
L_0x5644f272df00 .reduce/nor L_0x5644f272de60;
L_0x5644f272e2f0 .part v0x5644f2713ef0_0, 3, 1;
L_0x5644f272e390 .reduce/nor L_0x5644f272e2f0;
LS_0x5644f272e6f0_0_0 .concat8 [ 1 1 1 1], L_0x5644f272d050, L_0x5644f272ca10, L_0x5644f272d660, L_0x5644f272e5e0;
LS_0x5644f272e6f0_0_4 .concat8 [ 1 0 0 0], L_0x5644f272f230;
L_0x5644f272e6f0 .concat8 [ 4 1 0 0], LS_0x5644f272e6f0_0_0, LS_0x5644f272e6f0_0_4;
L_0x5644f272e8d0 .part v0x5644f2713ef0_0, 0, 1;
L_0x5644f272eae0 .part v0x5644f2713ef0_0, 4, 1;
L_0x5644f272eb80 .reduce/nor L_0x5644f272eae0;
L_0x5644f272e250 .part v0x5644f2713ef0_0, 2, 1;
L_0x5644f272efb0 .reduce/nor L_0x5644f272e250;
S_0x5644f26f5230 .scope module, "grn_naive_core_output_fifo" "fifo" 2 565, 2 615 0, S_0x5644f263ce60;
 .timescale 0 0;
    .port_info 0 /INPUT 1 "clk";
    .port_info 1 /INPUT 1 "rst";
    .port_info 2 /INPUT 1 "write_enable";
    .port_info 3 /INPUT 32 "input_data";
    .port_info 4 /INPUT 1 "output_read_enable";
    .port_info 5 /OUTPUT 1 "output_valid";
    .port_info 6 /OUTPUT 32 "output_data";
    .port_info 7 /OUTPUT 1 "empty";
    .port_info 8 /OUTPUT 1 "almostempty";
    .port_info 9 /OUTPUT 1 "full";
    .port_info 10 /OUTPUT 1 "almostfull";
    .port_info 11 /OUTPUT 5 "data_count";
P_0x5644f26ed480 .param/l "FIFO_ALMOSTEMPTY_THRESHOLD" 0 2 620, +C4<00000000000000000000000000000010>;
P_0x5644f26ed4c0 .param/l "FIFO_ALMOSTFULL_THRESHOLD" 0 2 619, +C4<000000000000000000000000000001100>;
P_0x5644f26ed500 .param/l "FIFO_DEPTH_BITS" 0 2 618, +C4<00000000000000000000000000000100>;
P_0x5644f26ed540 .param/l "FIFO_WIDTH" 0 2 617, +C4<00000000000000000000000000100000>;
v0x5644f26f49c0_0 .var "almostempty", 0 0;
v0x5644f26e9570_0 .var "almostfull", 0 0;
v0x5644f26ecfc0_0 .net "clk", 0 0, v0x5644f2719840_0;  alias, 1 drivers
v0x5644f26e6ff0_0 .var "data_count", 4 0;
v0x5644f26e7e40_0 .var "empty", 0 0;
v0x5644f26e2dc0_0 .var "full", 0 0;
v0x5644f26cb9f0_0 .net "input_data", 31 0, v0x5644f27143b0_0;  1 drivers
v0x5644f270fad0 .array "mem", 15 0, 31 0;
v0x5644f270fb90_0 .var "output_data", 31 0;
v0x5644f270fc70_0 .net "output_read_enable", 0 0, v0x5644f27174d0_0;  alias, 1 drivers
v0x5644f270fd30_0 .var "output_valid", 0 0;
v0x5644f270fdf0_0 .var "read_pointer", 3 0;
v0x5644f270fed0_0 .net "rst", 0 0, v0x5644f27198e0_0;  alias, 1 drivers
v0x5644f270ff90_0 .net "write_enable", 0 0, v0x5644f2714480_0;  1 drivers
v0x5644f2710050_0 .var "write_pointer", 3 0;
E_0x5644f26ba1b0 .event posedge, v0x5644f26ecfc0_0;
S_0x5644f27152f0 .scope module, "pe_naive_fifo_out" "fifo" 2 397, 2 615 0, S_0x5644f2689c80;
 .timescale 0 0;
    .port_info 0 /INPUT 1 "clk";
    .port_info 1 /INPUT 1 "rst";
    .port_info 2 /INPUT 1 "write_enable";
    .port_info 3 /INPUT 32 "input_data";
    .port_info 4 /INPUT 1 "output_read_enable";
    .port_info 5 /OUTPUT 1 "output_valid";
    .port_info 6 /OUTPUT 32 "output_data";
    .port_info 7 /OUTPUT 1 "empty";
    .port_info 8 /OUTPUT 1 "almostempty";
    .port_info 9 /OUTPUT 1 "full";
    .port_info 10 /OUTPUT 1 "almostfull";
    .port_info 11 /OUTPUT 5 "data_count";
P_0x5644f26f4320 .param/l "FIFO_ALMOSTEMPTY_THRESHOLD" 0 2 620, +C4<00000000000000000000000000000010>;
P_0x5644f26f4360 .param/l "FIFO_ALMOSTFULL_THRESHOLD" 0 2 619, +C4<000000000000000000000000000001100>;
P_0x5644f26f43a0 .param/l "FIFO_DEPTH_BITS" 0 2 618, +C4<00000000000000000000000000000100>;
P_0x5644f26f43e0 .param/l "FIFO_WIDTH" 0 2 617, +C4<00000000000000000000000000100000>;
v0x5644f2715820_0 .var "almostempty", 0 0;
v0x5644f27158e0_0 .var "almostfull", 0 0;
v0x5644f27159a0_0 .net "clk", 0 0, v0x5644f2719840_0;  alias, 1 drivers
v0x5644f2715ac0_0 .var "data_count", 4 0;
v0x5644f2715b80_0 .var "empty", 0 0;
v0x5644f2715c90_0 .var "full", 0 0;
v0x5644f2715d50_0 .net "input_data", 31 0, v0x5644f2716ea0_0;  1 drivers
v0x5644f2715e30 .array "mem", 15 0, 31 0;
v0x5644f2715ef0_0 .var "output_data", 31 0;
v0x5644f2715fd0_0 .net "output_read_enable", 0 0, v0x5644f2719300_0;  alias, 1 drivers
v0x5644f2716090_0 .var "output_valid", 0 0;
v0x5644f2716150_0 .var "read_pointer", 3 0;
v0x5644f2716230_0 .net "rst", 0 0, v0x5644f27198e0_0;  alias, 1 drivers
v0x5644f27162d0_0 .net "write_enable", 0 0, v0x5644f2716f40_0;  1 drivers
v0x5644f2716390_0 .var "write_pointer", 3 0;
    .scope S_0x5644f26f5230;
T_0 ;
    %wait E_0x5644f26ba1b0;
    %load/vec4 v0x5644f270fed0_0;
    %flag_set/vec4 8;
    %jmp/0xz  T_0.0, 8;
    %pushi/vec4 1, 0, 1;
    %assign/vec4 v0x5644f26e7e40_0, 0;
    %pushi/vec4 1, 0, 1;
    %assign/vec4 v0x5644f26f49c0_0, 0;
    %pushi/vec4 0, 0, 1;
    %assign/vec4 v0x5644f26e2dc0_0, 0;
    %pushi/vec4 0, 0, 1;
    %assign/vec4 v0x5644f26e9570_0, 0;
    %pushi/vec4 0, 0, 4;
    %assign/vec4 v0x5644f270fdf0_0, 0;
    %pushi/vec4 0, 0, 4;
    %assign/vec4 v0x5644f2710050_0, 0;
    %pushi/vec4 0, 0, 5;
    %assign/vec4 v0x5644f26e6ff0_0, 0;
    %jmp T_0.1;
T_0.0 ;
    %load/vec4 v0x5644f270ff90_0;
    %load/vec4 v0x5644f270fc70_0;
    %concat/vec4; draw_concat_vec4
    %dup/vec4;
    %pushi/vec4 3, 0, 2;
    %cmp/u;
    %jmp/1 T_0.2, 6;
    %dup/vec4;
    %pushi/vec4 2, 0, 2;
    %cmp/u;
    %jmp/1 T_0.3, 6;
    %dup/vec4;
    %pushi/vec4 1, 0, 2;
    %cmp/u;
    %jmp/1 T_0.4, 6;
    %jmp T_0.5;
T_0.2 ;
    %load/vec4 v0x5644f270fdf0_0;
    %addi 1, 0, 4;
    %assign/vec4 v0x5644f270fdf0_0, 0;
    %load/vec4 v0x5644f2710050_0;
    %addi 1, 0, 4;
    %assign/vec4 v0x5644f2710050_0, 0;
    %jmp T_0.5;
T_0.3 ;
    %load/vec4 v0x5644f26e2dc0_0;
    %inv;
    %flag_set/vec4 8;
    %jmp/0xz  T_0.6, 8;
    %load/vec4 v0x5644f2710050_0;
    %addi 1, 0, 4;
    %assign/vec4 v0x5644f2710050_0, 0;
    %load/vec4 v0x5644f26e6ff0_0;
    %addi 1, 0, 5;
    %assign/vec4 v0x5644f26e6ff0_0, 0;
    %pushi/vec4 0, 0, 1;
    %assign/vec4 v0x5644f26e7e40_0, 0;
    %load/vec4 v0x5644f26e6ff0_0;
    %pad/u 32;
    %cmpi/e 1, 0, 32;
    %jmp/0xz  T_0.8, 4;
    %pushi/vec4 0, 0, 1;
    %assign/vec4 v0x5644f26f49c0_0, 0;
T_0.8 ;
    %load/vec4 v0x5644f26e6ff0_0;
    %pad/u 32;
    %cmpi/e 15, 0, 32;
    %jmp/0xz  T_0.10, 4;
    %pushi/vec4 1, 0, 1;
    %assign/vec4 v0x5644f26e2dc0_0, 0;
T_0.10 ;
    %load/vec4 v0x5644f26e6ff0_0;
    %pad/u 33;
    %cmpi/e 11, 0, 33;
    %jmp/0xz  T_0.12, 4;
    %pushi/vec4 1, 0, 1;
    %assign/vec4 v0x5644f26e9570_0, 0;
T_0.12 ;
T_0.6 ;
    %jmp T_0.5;
T_0.4 ;
    %load/vec4 v0x5644f26e7e40_0;
    %inv;
    %flag_set/vec4 8;
    %jmp/0xz  T_0.14, 8;
    %load/vec4 v0x5644f270fdf0_0;
    %addi 1, 0, 4;
    %assign/vec4 v0x5644f270fdf0_0, 0;
    %load/vec4 v0x5644f26e6ff0_0;
    %subi 1, 0, 5;
    %assign/vec4 v0x5644f26e6ff0_0, 0;
    %pushi/vec4 0, 0, 1;
    %assign/vec4 v0x5644f26e2dc0_0, 0;
    %load/vec4 v0x5644f26e6ff0_0;
    %pad/u 33;
    %cmpi/e 12, 0, 33;
    %jmp/0xz  T_0.16, 4;
    %pushi/vec4 0, 0, 1;
    %assign/vec4 v0x5644f26e9570_0, 0;
T_0.16 ;
    %load/vec4 v0x5644f26e6ff0_0;
    %pad/u 32;
    %cmpi/e 1, 0, 32;
    %jmp/0xz  T_0.18, 4;
    %pushi/vec4 1, 0, 1;
    %assign/vec4 v0x5644f26e7e40_0, 0;
T_0.18 ;
    %load/vec4 v0x5644f26e6ff0_0;
    %pad/u 32;
    %cmpi/e 2, 0, 32;
    %jmp/0xz  T_0.20, 4;
    %pushi/vec4 1, 0, 1;
    %assign/vec4 v0x5644f26f49c0_0, 0;
T_0.20 ;
T_0.14 ;
    %jmp T_0.5;
T_0.5 ;
    %pop/vec4 1;
T_0.1 ;
    %jmp T_0;
    .thread T_0;
    .scope S_0x5644f26f5230;
T_1 ;
    %wait E_0x5644f26ba1b0;
    %load/vec4 v0x5644f270fed0_0;
    %flag_set/vec4 8;
    %jmp/0xz  T_1.0, 8;
    %pushi/vec4 0, 0, 1;
    %assign/vec4 v0x5644f270fd30_0, 0;
    %jmp T_1.1;
T_1.0 ;
    %pushi/vec4 0, 0, 1;
    %assign/vec4 v0x5644f270fd30_0, 0;
    %load/vec4 v0x5644f270ff90_0;
    %cmpi/e 1, 0, 1;
    %jmp/0xz  T_1.2, 4;
    %load/vec4 v0x5644f26cb9f0_0;
    %load/vec4 v0x5644f2710050_0;
    %pad/u 6;
    %ix/vec4 3;
    %ix/load 4, 0, 0; Constant delay
    %assign/vec4/a/d v0x5644f270fad0, 0, 4;
T_1.2 ;
    %load/vec4 v0x5644f270fc70_0;
    %cmpi/e 1, 0, 1;
    %jmp/0xz  T_1.4, 4;
    %load/vec4 v0x5644f270fdf0_0;
    %pad/u 6;
    %ix/vec4 4;
    %load/vec4a v0x5644f270fad0, 4;
    %assign/vec4 v0x5644f270fb90_0, 0;
    %pushi/vec4 1, 0, 1;
    %assign/vec4 v0x5644f270fd30_0, 0;
T_1.4 ;
T_1.1 ;
    %jmp T_1;
    .thread T_1;
    .scope S_0x5644f263ce60;
T_2 ;
    %wait E_0x5644f26ba1b0;
    %load/vec4 v0x5644f2714ec0_0;
    %flag_set/vec4 8;
    %jmp/0xz  T_2.0, 8;
    %pushi/vec4 0, 0, 1;
    %assign/vec4 v0x5644f2714480_0, 0;
    %pushi/vec4 0, 0, 3;
    %assign/vec4 v0x5644f2714750_0, 0;
    %jmp T_2.1;
T_2.0 ;
    %load/vec4 v0x5644f2714f90_0;
    %flag_set/vec4 8;
    %jmp/0xz  T_2.2, 8;
    %pushi/vec4 0, 0, 1;
    %assign/vec4 v0x5644f2714480_0, 0;
    %load/vec4 v0x5644f2714750_0;
    %dup/vec4;
    %pushi/vec4 0, 0, 3;
    %cmp/u;
    %jmp/1 T_2.4, 6;
    %dup/vec4;
    %pushi/vec4 1, 0, 3;
    %cmp/u;
    %jmp/1 T_2.5, 6;
    %dup/vec4;
    %pushi/vec4 2, 0, 3;
    %cmp/u;
    %jmp/1 T_2.6, 6;
    %dup/vec4;
    %pushi/vec4 3, 0, 3;
    %cmp/u;
    %jmp/1 T_2.7, 6;
    %dup/vec4;
    %pushi/vec4 4, 0, 3;
    %cmp/u;
    %jmp/1 T_2.8, 6;
    %dup/vec4;
    %pushi/vec4 5, 0, 3;
    %cmp/u;
    %jmp/1 T_2.9, 6;
    %dup/vec4;
    %pushi/vec4 6, 0, 3;
    %cmp/u;
    %jmp/1 T_2.10, 6;
    %dup/vec4;
    %pushi/vec4 7, 0, 3;
    %cmp/u;
    %jmp/1 T_2.11, 6;
    %jmp T_2.12;
T_2.4 ;
    %load/vec4 v0x5644f2714830_0;
    %assign/vec4 v0x5644f2714130_0, 0;
    %pushi/vec4 1, 0, 3;
    %assign/vec4 v0x5644f2714750_0, 0;
    %jmp T_2.12;
T_2.5 ;
    %load/vec4 v0x5644f2714130_0;
    %assign/vec4 v0x5644f2713e10_0, 0;
    %load/vec4 v0x5644f2714130_0;
    %assign/vec4 v0x5644f2713ef0_0, 0;
    %pushi/vec4 0, 0, 32;
    %assign/vec4 v0x5644f2715030_0, 0;
    %pushi/vec4 0, 0, 32;
    %assign/vec4 v0x5644f2714e20_0, 0;
    %pushi/vec4 1, 0, 1;
    %assign/vec4 v0x5644f27145f0_0, 0;
    %pushi/vec4 0, 0, 1;
    %assign/vec4 v0x5644f2714690_0, 0;
    %pushi/vec4 2, 0, 3;
    %assign/vec4 v0x5644f2714750_0, 0;
    %jmp T_2.12;
T_2.6 ;
    %pushi/vec4 0, 0, 1;
    %assign/vec4 v0x5644f27145f0_0, 0;
    %load/vec4 v0x5644f2713e10_0;
    %load/vec4 v0x5644f2713ef0_0;
    %cmp/e;
    %flag_get/vec4 4;
    %load/vec4 v0x5644f27145f0_0;
    %inv;
    %and;
    %load/vec4 v0x5644f2714690_0;
    %inv;
    %and;
    %flag_set/vec4 8;
    %jmp/0xz  T_2.13, 8;
    %pushi/vec4 1, 0, 1;
    %assign/vec4 v0x5644f27145f0_0, 0;
    %pushi/vec4 3, 0, 3;
    %assign/vec4 v0x5644f2714750_0, 0;
    %jmp T_2.14;
T_2.13 ;
    %load/vec4 v0x5644f27149f0_0;
    %assign/vec4 v0x5644f2713ef0_0, 0;
    %load/vec4 v0x5644f2714690_0;
    %flag_set/vec4 8;
    %jmp/0xz  T_2.15, 8;
    %load/vec4 v0x5644f2715030_0;
    %addi 1, 0, 32;
    %assign/vec4 v0x5644f2715030_0, 0;
    %pushi/vec4 0, 0, 1;
    %assign/vec4 v0x5644f2714690_0, 0;
    %jmp T_2.16;
T_2.15 ;
    %pushi/vec4 1, 0, 1;
    %assign/vec4 v0x5644f2714690_0, 0;
    %load/vec4 v0x5644f2714910_0;
    %assign/vec4 v0x5644f2713e10_0, 0;
T_2.16 ;
T_2.14 ;
    %jmp T_2.12;
T_2.7 ;
    %pushi/vec4 0, 0, 1;
    %assign/vec4 v0x5644f27145f0_0, 0;
    %load/vec4 v0x5644f2713e10_0;
    %load/vec4 v0x5644f2713ef0_0;
    %cmp/e;
    %flag_get/vec4 4;
    %load/vec4 v0x5644f27145f0_0;
    %inv;
    %and;
    %flag_set/vec4 8;
    %jmp/0xz  T_2.17, 8;
    %load/vec4 v0x5644f2714e20_0;
    %subi 1, 0, 32;
    %assign/vec4 v0x5644f2714e20_0, 0;
    %pushi/vec4 4, 0, 3;
    %assign/vec4 v0x5644f2714750_0, 0;
    %jmp T_2.18;
T_2.17 ;
    %load/vec4 v0x5644f27149f0_0;
    %assign/vec4 v0x5644f2713ef0_0, 0;
    %load/vec4 v0x5644f2714e20_0;
    %addi 1, 0, 32;
    %assign/vec4 v0x5644f2714e20_0, 0;
T_2.18 ;
    %jmp T_2.12;
T_2.8 ;
    %pushi/vec4 0, 0, 22;
    %load/vec4 v0x5644f2714130_0;
    %concat/vec4; draw_concat_vec4
    %load/vec4 v0x5644f2713e10_0;
    %concat/vec4; draw_concat_vec4
    %load/vec4 v0x5644f2715030_0;
    %concat/vec4; draw_concat_vec4
    %load/vec4 v0x5644f2714e20_0;
    %concat/vec4; draw_concat_vec4
    %assign/vec4 v0x5644f2714070_0, 0;
    %pushi/vec4 5, 0, 3;
    %assign/vec4 v0x5644f2714750_0, 0;
    %pushi/vec4 0, 0, 2;
    %assign/vec4 v0x5644f27150f0_0, 0;
    %jmp T_2.12;
T_2.9 ;
    %load/vec4 v0x5644f27150f0_0;
    %pad/u 32;
    %cmpi/e 2, 0, 32;
    %jmp/0xz  T_2.19, 4;
    %pushi/vec4 6, 0, 3;
    %assign/vec4 v0x5644f2714750_0, 0;
T_2.19 ;
    %load/vec4 v0x5644f27142e0_0;
    %inv;
    %flag_set/vec4 8;
    %jmp/0xz  T_2.21, 8;
    %load/vec4 v0x5644f27150f0_0;
    %addi 1, 0, 2;
    %assign/vec4 v0x5644f27150f0_0, 0;
    %pushi/vec4 1, 0, 1;
    %assign/vec4 v0x5644f2714480_0, 0;
    %pushi/vec4 0, 0, 32;
    %load/vec4 v0x5644f2714070_0;
    %parti/s 64, 32, 7;
    %concat/vec4; draw_concat_vec4
    %assign/vec4 v0x5644f2714070_0, 0;
    %load/vec4 v0x5644f2714070_0;
    %parti/s 32, 0, 2;
    %assign/vec4 v0x5644f27143b0_0, 0;
T_2.21 ;
    %jmp T_2.12;
T_2.10 ;
    %load/vec4 v0x5644f2714130_0;
    %load/vec4 v0x5644f2714550_0;
    %cmp/e;
    %jmp/0xz  T_2.23, 4;
    %pushi/vec4 7, 0, 3;
    %assign/vec4 v0x5644f2714750_0, 0;
    %jmp T_2.24;
T_2.23 ;
    %load/vec4 v0x5644f2714130_0;
    %addi 1, 0, 5;
    %assign/vec4 v0x5644f2714130_0, 0;
    %pushi/vec4 1, 0, 3;
    %assign/vec4 v0x5644f2714750_0, 0;
T_2.24 ;
    %jmp T_2.12;
T_2.11 ;
    %jmp T_2.12;
T_2.12 ;
    %pop/vec4 1;
T_2.2 ;
T_2.1 ;
    %jmp T_2;
    .thread T_2;
    .scope S_0x5644f263ce60;
T_3 ;
    %pushi/vec4 0, 0, 1;
    %store/vec4 v0x5644f2714480_0, 0, 1;
    %pushi/vec4 0, 0, 32;
    %store/vec4 v0x5644f27143b0_0, 0, 32;
    %pushi/vec4 0, 0, 5;
    %store/vec4 v0x5644f2713e10_0, 0, 5;
    %pushi/vec4 0, 0, 5;
    %store/vec4 v0x5644f2713ef0_0, 0, 5;
    %pushi/vec4 0, 0, 5;
    %store/vec4 v0x5644f2714130_0, 0, 5;
    %pushi/vec4 0, 0, 1;
    %store/vec4 v0x5644f2714690_0, 0, 1;
    %pushi/vec4 0, 0, 1;
    %store/vec4 v0x5644f27145f0_0, 0, 1;
    %pushi/vec4 0, 0, 32;
    %store/vec4 v0x5644f2715030_0, 0, 32;
    %pushi/vec4 0, 0, 32;
    %store/vec4 v0x5644f2714e20_0, 0, 32;
    %pushi/vec4 0, 0, 96;
    %store/vec4 v0x5644f2714070_0, 0, 96;
    %pushi/vec4 0, 0, 2;
    %store/vec4 v0x5644f27150f0_0, 0, 2;
    %pushi/vec4 0, 0, 3;
    %store/vec4 v0x5644f2714750_0, 0, 3;
    %end;
    .thread T_3;
    .scope S_0x5644f27152f0;
T_4 ;
    %wait E_0x5644f26ba1b0;
    %load/vec4 v0x5644f2716230_0;
    %flag_set/vec4 8;
    %jmp/0xz  T_4.0, 8;
    %pushi/vec4 1, 0, 1;
    %assign/vec4 v0x5644f2715b80_0, 0;
    %pushi/vec4 1, 0, 1;
    %assign/vec4 v0x5644f2715820_0, 0;
    %pushi/vec4 0, 0, 1;
    %assign/vec4 v0x5644f2715c90_0, 0;
    %pushi/vec4 0, 0, 1;
    %assign/vec4 v0x5644f27158e0_0, 0;
    %pushi/vec4 0, 0, 4;
    %assign/vec4 v0x5644f2716150_0, 0;
    %pushi/vec4 0, 0, 4;
    %assign/vec4 v0x5644f2716390_0, 0;
    %pushi/vec4 0, 0, 5;
    %assign/vec4 v0x5644f2715ac0_0, 0;
    %jmp T_4.1;
T_4.0 ;
    %load/vec4 v0x5644f27162d0_0;
    %load/vec4 v0x5644f2715fd0_0;
    %concat/vec4; draw_concat_vec4
    %dup/vec4;
    %pushi/vec4 3, 0, 2;
    %cmp/u;
    %jmp/1 T_4.2, 6;
    %dup/vec4;
    %pushi/vec4 2, 0, 2;
    %cmp/u;
    %jmp/1 T_4.3, 6;
    %dup/vec4;
    %pushi/vec4 1, 0, 2;
    %cmp/u;
    %jmp/1 T_4.4, 6;
    %jmp T_4.5;
T_4.2 ;
    %load/vec4 v0x5644f2716150_0;
    %addi 1, 0, 4;
    %assign/vec4 v0x5644f2716150_0, 0;
    %load/vec4 v0x5644f2716390_0;
    %addi 1, 0, 4;
    %assign/vec4 v0x5644f2716390_0, 0;
    %jmp T_4.5;
T_4.3 ;
    %load/vec4 v0x5644f2715c90_0;
    %inv;
    %flag_set/vec4 8;
    %jmp/0xz  T_4.6, 8;
    %load/vec4 v0x5644f2716390_0;
    %addi 1, 0, 4;
    %assign/vec4 v0x5644f2716390_0, 0;
    %load/vec4 v0x5644f2715ac0_0;
    %addi 1, 0, 5;
    %assign/vec4 v0x5644f2715ac0_0, 0;
    %pushi/vec4 0, 0, 1;
    %assign/vec4 v0x5644f2715b80_0, 0;
    %load/vec4 v0x5644f2715ac0_0;
    %pad/u 32;
    %cmpi/e 1, 0, 32;
    %jmp/0xz  T_4.8, 4;
    %pushi/vec4 0, 0, 1;
    %assign/vec4 v0x5644f2715820_0, 0;
T_4.8 ;
    %load/vec4 v0x5644f2715ac0_0;
    %pad/u 32;
    %cmpi/e 15, 0, 32;
    %jmp/0xz  T_4.10, 4;
    %pushi/vec4 1, 0, 1;
    %assign/vec4 v0x5644f2715c90_0, 0;
T_4.10 ;
    %load/vec4 v0x5644f2715ac0_0;
    %pad/u 33;
    %cmpi/e 11, 0, 33;
    %jmp/0xz  T_4.12, 4;
    %pushi/vec4 1, 0, 1;
    %assign/vec4 v0x5644f27158e0_0, 0;
T_4.12 ;
T_4.6 ;
    %jmp T_4.5;
T_4.4 ;
    %load/vec4 v0x5644f2715b80_0;
    %inv;
    %flag_set/vec4 8;
    %jmp/0xz  T_4.14, 8;
    %load/vec4 v0x5644f2716150_0;
    %addi 1, 0, 4;
    %assign/vec4 v0x5644f2716150_0, 0;
    %load/vec4 v0x5644f2715ac0_0;
    %subi 1, 0, 5;
    %assign/vec4 v0x5644f2715ac0_0, 0;
    %pushi/vec4 0, 0, 1;
    %assign/vec4 v0x5644f2715c90_0, 0;
    %load/vec4 v0x5644f2715ac0_0;
    %pad/u 33;
    %cmpi/e 12, 0, 33;
    %jmp/0xz  T_4.16, 4;
    %pushi/vec4 0, 0, 1;
    %assign/vec4 v0x5644f27158e0_0, 0;
T_4.16 ;
    %load/vec4 v0x5644f2715ac0_0;
    %pad/u 32;
    %cmpi/e 1, 0, 32;
    %jmp/0xz  T_4.18, 4;
    %pushi/vec4 1, 0, 1;
    %assign/vec4 v0x5644f2715b80_0, 0;
T_4.18 ;
    %load/vec4 v0x5644f2715ac0_0;
    %pad/u 32;
    %cmpi/e 2, 0, 32;
    %jmp/0xz  T_4.20, 4;
    %pushi/vec4 1, 0, 1;
    %assign/vec4 v0x5644f2715820_0, 0;
T_4.20 ;
T_4.14 ;
    %jmp T_4.5;
T_4.5 ;
    %pop/vec4 1;
T_4.1 ;
    %jmp T_4;
    .thread T_4;
    .scope S_0x5644f27152f0;
T_5 ;
    %wait E_0x5644f26ba1b0;
    %load/vec4 v0x5644f2716230_0;
    %flag_set/vec4 8;
    %jmp/0xz  T_5.0, 8;
    %pushi/vec4 0, 0, 1;
    %assign/vec4 v0x5644f2716090_0, 0;
    %jmp T_5.1;
T_5.0 ;
    %pushi/vec4 0, 0, 1;
    %assign/vec4 v0x5644f2716090_0, 0;
    %load/vec4 v0x5644f27162d0_0;
    %cmpi/e 1, 0, 1;
    %jmp/0xz  T_5.2, 4;
    %load/vec4 v0x5644f2715d50_0;
    %load/vec4 v0x5644f2716390_0;
    %pad/u 6;
    %ix/vec4 3;
    %ix/load 4, 0, 0; Constant delay
    %assign/vec4/a/d v0x5644f2715e30, 0, 4;
T_5.2 ;
    %load/vec4 v0x5644f2715fd0_0;
    %cmpi/e 1, 0, 1;
    %jmp/0xz  T_5.4, 4;
    %load/vec4 v0x5644f2716150_0;
    %pad/u 6;
    %ix/vec4 4;
    %load/vec4a v0x5644f2715e30, 4;
    %assign/vec4 v0x5644f2715ef0_0, 0;
    %pushi/vec4 1, 0, 1;
    %assign/vec4 v0x5644f2716090_0, 0;
T_5.4 ;
T_5.1 ;
    %jmp T_5;
    .thread T_5;
    .scope S_0x5644f2689c80;
T_6 ;
    %wait E_0x5644f26ba1b0;
    %pushi/vec4 0, 0, 1;
    %assign/vec4 v0x5644f2716ca0_0, 0;
    %load/vec4 v0x5644f2716930_0;
    %assign/vec4 v0x5644f2716be0_0, 0;
    %load/vec4 v0x5644f2718070_0;
    %flag_set/vec4 8;
    %jmp/0xz  T_6.0, 8;
    %pushi/vec4 0, 0, 1;
    %assign/vec4 v0x5644f27176b0_0, 0;
    %pushi/vec4 0, 0, 1;
    %assign/vec4 v0x5644f27166b0_0, 0;
    %jmp T_6.1;
T_6.0 ;
    %load/vec4 v0x5644f2716a40_0;
    %flag_set/vec4 8;
    %jmp/0xz  T_6.2, 8;
    %load/vec4 v0x5644f27166b0_0;
    %pad/u 2;
    %addi 1, 0, 2;
    %pad/u 1;
    %assign/vec4 v0x5644f27166b0_0, 0;
    %load/vec4 v0x5644f27166b0_0;
    %pad/u 32;
    %cmpi/e 1, 0, 32;
    %jmp/0xz  T_6.4, 4;
    %pushi/vec4 1, 0, 1;
    %assign/vec4 v0x5644f27176b0_0, 0;
T_6.4 ;
    %load/vec4 v0x5644f27176b0_0;
    %inv;
    %flag_set/vec4 8;
    %jmp/0xz  T_6.6, 8;
    %load/vec4 v0x5644f2716850_0;
    %load/vec4 v0x5644f2717a70_0;
    %parti/s 32, 32, 7;
    %concat/vec4; draw_concat_vec4
    %assign/vec4 v0x5644f2717a70_0, 0;
    %jmp T_6.7;
T_6.6 ;
    %load/vec4 v0x5644f2716a40_0;
    %assign/vec4 v0x5644f2716ca0_0, 0;
    %load/vec4 v0x5644f2716850_0;
    %assign/vec4 v0x5644f2716b00_0, 0;
T_6.7 ;
T_6.2 ;
T_6.1 ;
    %jmp T_6;
    .thread T_6;
    .scope S_0x5644f2689c80;
T_7 ;
    %wait E_0x5644f26ba1b0;
    %load/vec4 v0x5644f2718070_0;
    %flag_set/vec4 8;
    %jmp/0xz  T_7.0, 8;
    %pushi/vec4 0, 0, 1;
    %assign/vec4 v0x5644f2718110_0, 0;
    %pushi/vec4 0, 0, 1;
    %assign/vec4 v0x5644f27174d0_0, 0;
    %pushi/vec4 0, 0, 1;
    %assign/vec4 v0x5644f2716f40_0, 0;
    %pushi/vec4 0, 0, 1;
    %assign/vec4 v0x5644f27178f0_0, 0;
    %pushi/vec4 0, 0, 3;
    %assign/vec4 v0x5644f2717010_0, 0;
    %jmp T_7.1;
T_7.0 ;
    %load/vec4 v0x5644f27176b0_0;
    %flag_set/vec4 8;
    %jmp/0xz  T_7.2, 8;
    %pushi/vec4 1, 0, 1;
    %assign/vec4 v0x5644f2718110_0, 0;
    %pushi/vec4 0, 0, 1;
    %assign/vec4 v0x5644f27174d0_0, 0;
    %pushi/vec4 0, 0, 1;
    %assign/vec4 v0x5644f2716f40_0, 0;
    %pushi/vec4 0, 0, 1;
    %assign/vec4 v0x5644f27178f0_0, 0;
    %load/vec4 v0x5644f2717010_0;
    %dup/vec4;
    %pushi/vec4 0, 0, 3;
    %cmp/u;
    %jmp/1 T_7.4, 6;
    %dup/vec4;
    %pushi/vec4 1, 0, 3;
    %cmp/u;
    %jmp/1 T_7.5, 6;
    %dup/vec4;
    %pushi/vec4 2, 0, 3;
    %cmp/u;
    %jmp/1 T_7.6, 6;
    %dup/vec4;
    %pushi/vec4 3, 0, 3;
    %cmp/u;
    %jmp/1 T_7.7, 6;
    %dup/vec4;
    %pushi/vec4 4, 0, 3;
    %cmp/u;
    %jmp/1 T_7.8, 6;
    %dup/vec4;
    %pushi/vec4 5, 0, 3;
    %cmp/u;
    %jmp/1 T_7.9, 6;
    %jmp T_7.10;
T_7.4 ;
    %pushi/vec4 3, 0, 3;
    %assign/vec4 v0x5644f2717010_0, 0;
    %load/vec4 v0x5644f2717250_0;
    %flag_set/vec4 8;
    %jmp/0xz  T_7.11, 8;
    %pushi/vec4 0, 0, 2;
    %assign/vec4 v0x5644f2717fd0_0, 0;
    %pushi/vec4 1, 0, 3;
    %assign/vec4 v0x5644f2717010_0, 0;
T_7.11 ;
    %jmp T_7.10;
T_7.5 ;
    %load/vec4 v0x5644f2717250_0;
    %load/vec4 v0x5644f2716e00_0;
    %inv;
    %concat/vec4; draw_concat_vec4
    %and/r;
    %flag_set/vec4 8;
    %jmp/0xz  T_7.13, 8;
    %pushi/vec4 1, 0, 1;
    %assign/vec4 v0x5644f27174d0_0, 0;
    %pushi/vec4 2, 0, 3;
    %assign/vec4 v0x5644f2717010_0, 0;
T_7.13 ;
    %jmp T_7.10;
T_7.6 ;
    %load/vec4 v0x5644f27175c0_0;
    %flag_set/vec4 8;
    %jmp/0xz  T_7.15, 8;
    %pushi/vec4 1, 0, 3;
    %assign/vec4 v0x5644f2717010_0, 0;
    %load/vec4 v0x5644f2717fd0_0;
    %pad/u 32;
    %cmpi/e 2, 0, 32;
    %jmp/0xz  T_7.17, 4;
    %pushi/vec4 3, 0, 3;
    %assign/vec4 v0x5644f2717010_0, 0;
T_7.17 ;
    %load/vec4 v0x5644f2717430_0;
    %assign/vec4 v0x5644f2716ea0_0, 0;
    %load/vec4 v0x5644f2717fd0_0;
    %addi 1, 0, 2;
    %assign/vec4 v0x5644f2717fd0_0, 0;
    %pushi/vec4 1, 0, 1;
    %assign/vec4 v0x5644f2716f40_0, 0;
T_7.15 ;
    %jmp T_7.10;
T_7.7 ;
    %pushi/vec4 0, 0, 3;
    %assign/vec4 v0x5644f2717010_0, 0;
    %load/vec4 v0x5644f2717750_0;
    %flag_set/vec4 8;
    %jmp/0xz  T_7.19, 8;
    %pushi/vec4 0, 0, 2;
    %assign/vec4 v0x5644f2717fd0_0, 0;
    %pushi/vec4 4, 0, 3;
    %assign/vec4 v0x5644f2717010_0, 0;
T_7.19 ;
    %jmp T_7.10;
T_7.8 ;
    %load/vec4 v0x5644f2717750_0;
    %load/vec4 v0x5644f2716e00_0;
    %inv;
    %concat/vec4; draw_concat_vec4
    %and/r;
    %flag_set/vec4 8;
    %jmp/0xz  T_7.21, 8;
    %pushi/vec4 1, 0, 1;
    %assign/vec4 v0x5644f27178f0_0, 0;
    %pushi/vec4 5, 0, 3;
    %assign/vec4 v0x5644f2717010_0, 0;
T_7.21 ;
    %jmp T_7.10;
T_7.9 ;
    %load/vec4 v0x5644f27179b0_0;
    %flag_set/vec4 8;
    %jmp/0xz  T_7.23, 8;
    %pushi/vec4 4, 0, 3;
    %assign/vec4 v0x5644f2717010_0, 0;
    %load/vec4 v0x5644f2717fd0_0;
    %pad/u 32;
    %cmpi/e 2, 0, 32;
    %jmp/0xz  T_7.25, 4;
    %pushi/vec4 0, 0, 3;
    %assign/vec4 v0x5644f2717010_0, 0;
T_7.25 ;
    %load/vec4 v0x5644f2717810_0;
    %assign/vec4 v0x5644f2716ea0_0, 0;
    %pushi/vec4 1, 0, 1;
    %assign/vec4 v0x5644f2716f40_0, 0;
    %load/vec4 v0x5644f2717fd0_0;
    %addi 1, 0, 2;
    %assign/vec4 v0x5644f2717fd0_0, 0;
T_7.23 ;
    %jmp T_7.10;
T_7.10 ;
    %pop/vec4 1;
T_7.2 ;
T_7.1 ;
    %jmp T_7;
    .thread T_7;
    .scope S_0x5644f2689c80;
T_8 ;
    %pushi/vec4 0, 0, 1;
    %store/vec4 v0x5644f2716be0_0, 0, 1;
    %pushi/vec4 0, 0, 1;
    %store/vec4 v0x5644f2716ca0_0, 0, 1;
    %pushi/vec4 0, 0, 32;
    %store/vec4 v0x5644f2716b00_0, 0, 32;
    %pushi/vec4 0, 0, 1;
    %store/vec4 v0x5644f27178f0_0, 0, 1;
    %pushi/vec4 0, 0, 1;
    %store/vec4 v0x5644f27176b0_0, 0, 1;
    %pushi/vec4 0, 0, 64;
    %store/vec4 v0x5644f2717a70_0, 0, 64;
    %pushi/vec4 0, 0, 1;
    %store/vec4 v0x5644f27166b0_0, 0, 1;
    %pushi/vec4 0, 0, 1;
    %store/vec4 v0x5644f2718110_0, 0, 1;
    %pushi/vec4 0, 0, 1;
    %store/vec4 v0x5644f27174d0_0, 0, 1;
    %pushi/vec4 0, 0, 3;
    %store/vec4 v0x5644f2717010_0, 0, 3;
    %pushi/vec4 0, 0, 2;
    %store/vec4 v0x5644f2717fd0_0, 0, 2;
    %pushi/vec4 0, 0, 1;
    %store/vec4 v0x5644f2716f40_0, 0, 1;
    %pushi/vec4 0, 0, 32;
    %store/vec4 v0x5644f2716ea0_0, 0, 32;
    %end;
    .thread T_8;
    .scope S_0x5644f26f31b0;
T_9 ;
    %wait E_0x5644f26ba1b0;
    %load/vec4 v0x5644f27198e0_0;
    %flag_set/vec4 8;
    %jmp/0xz  T_9.0, 8;
    %pushi/vec4 0, 0, 2;
    %assign/vec4 v0x5644f27183a0_0, 0;
    %pushi/vec4 0, 0, 1;
    %assign/vec4 v0x5644f2718a40_0, 0;
    %pushi/vec4 0, 0, 1;
    %assign/vec4 v0x5644f2718b10_0, 0;
    %pushi/vec4 0, 0, 32;
    %assign/vec4 v0x5644f2718980_0, 0;
    %pushi/vec4 0, 0, 2;
    %assign/vec4 v0x5644f27188a0_0, 0;
    %jmp T_9.1;
T_9.0 ;
    %pushi/vec4 0, 0, 1;
    %assign/vec4 v0x5644f2718b10_0, 0;
    %load/vec4 v0x5644f27188a0_0;
    %dup/vec4;
    %pushi/vec4 0, 0, 2;
    %cmp/u;
    %jmp/1 T_9.2, 6;
    %dup/vec4;
    %pushi/vec4 1, 0, 2;
    %cmp/u;
    %jmp/1 T_9.3, 6;
    %jmp T_9.4;
T_9.2 ;
    %pushi/vec4 1, 0, 1;
    %assign/vec4 v0x5644f2718b10_0, 0;
    %load/vec4 v0x5644f27183a0_0;
    %pad/u 3;
    %ix/vec4 4;
    %load/vec4a v0x5644f27184a0, 4;
    %assign/vec4 v0x5644f2718980_0, 0;
    %load/vec4 v0x5644f27183a0_0;
    %addi 1, 0, 2;
    %assign/vec4 v0x5644f27183a0_0, 0;
    %load/vec4 v0x5644f27183a0_0;
    %pad/u 32;
    %cmpi/e 2, 0, 32;
    %jmp/0xz  T_9.5, 4;
    %pushi/vec4 0, 0, 1;
    %assign/vec4 v0x5644f2718b10_0, 0;
    %pushi/vec4 1, 0, 2;
    %assign/vec4 v0x5644f27188a0_0, 0;
T_9.5 ;
    %jmp T_9.4;
T_9.3 ;
    %pushi/vec4 1, 0, 1;
    %assign/vec4 v0x5644f2718a40_0, 0;
    %jmp T_9.4;
T_9.4 ;
    %pop/vec4 1;
T_9.1 ;
    %jmp T_9;
    .thread T_9;
    .scope S_0x5644f26f31b0;
T_10 ;
    %wait E_0x5644f26ba1b0;
    %load/vec4 v0x5644f27198e0_0;
    %flag_set/vec4 8;
    %jmp/0xz  T_10.0, 8;
    %pushi/vec4 0, 0, 3;
    %assign/vec4 v0x5644f2718770_0, 0;
    %pushi/vec4 0, 0, 5;
    %assign/vec4 v0x5644f27196c0_0, 0;
    %pushi/vec4 0, 0, 1;
    %assign/vec4 v0x5644f27186b0_0, 0;
    %pushi/vec4 0, 0, 1;
    %assign/vec4 v0x5644f2719300_0, 0;
    %jmp T_10.1;
T_10.0 ;
    %pushi/vec4 0, 0, 1;
    %assign/vec4 v0x5644f2719300_0, 0;
    %load/vec4 v0x5644f2718770_0;
    %dup/vec4;
    %pushi/vec4 0, 0, 3;
    %cmp/u;
    %jmp/1 T_10.2, 6;
    %dup/vec4;
    %pushi/vec4 1, 0, 3;
    %cmp/u;
    %jmp/1 T_10.3, 6;
    %dup/vec4;
    %pushi/vec4 2, 0, 3;
    %cmp/u;
    %jmp/1 T_10.4, 6;
    %dup/vec4;
    %pushi/vec4 3, 0, 3;
    %cmp/u;
    %jmp/1 T_10.5, 6;
    %dup/vec4;
    %pushi/vec4 4, 0, 3;
    %cmp/u;
    %jmp/1 T_10.6, 6;
    %jmp T_10.7;
T_10.2 ;
    %load/vec4 v0x5644f2719190_0;
    %flag_set/vec4 8;
    %jmp/0xz  T_10.8, 8;
    %pushi/vec4 0, 0, 2;
    %assign/vec4 v0x5644f2719620_0, 0;
    %pushi/vec4 1, 0, 3;
    %assign/vec4 v0x5644f2718770_0, 0;
T_10.8 ;
    %jmp T_10.7;
T_10.3 ;
    %load/vec4 v0x5644f2719190_0;
    %flag_set/vec4 8;
    %jmp/0xz  T_10.10, 8;
    %pushi/vec4 1, 0, 1;
    %assign/vec4 v0x5644f2719300_0, 0;
    %pushi/vec4 2, 0, 3;
    %assign/vec4 v0x5644f2718770_0, 0;
T_10.10 ;
    %jmp T_10.7;
T_10.4 ;
    %load/vec4 v0x5644f27193f0_0;
    %flag_set/vec4 8;
    %jmp/0xz  T_10.12, 8;
    %pushi/vec4 1, 0, 3;
    %assign/vec4 v0x5644f2718770_0, 0;
    %load/vec4 v0x5644f2719620_0;
    %pad/u 32;
    %cmpi/e 2, 0, 32;
    %jmp/0xz  T_10.14, 4;
    %pushi/vec4 3, 0, 3;
    %assign/vec4 v0x5644f2718770_0, 0;
T_10.14 ;
    %load/vec4 v0x5644f2719620_0;
    %addi 1, 0, 2;
    %assign/vec4 v0x5644f2719620_0, 0;
    %load/vec4 v0x5644f2719260_0;
    %load/vec4 v0x5644f27185c0_0;
    %parti/s 64, 32, 7;
    %concat/vec4; draw_concat_vec4
    %assign/vec4 v0x5644f27185c0_0, 0;
T_10.12 ;
    %jmp T_10.7;
T_10.5 ;
    %pushi/vec4 0, 0, 3;
    %assign/vec4 v0x5644f2718770_0, 0;
    %load/vec4 v0x5644f27196c0_0;
    %pad/u 32;
    %cmpi/e 31, 0, 32;
    %jmp/0xz  T_10.16, 4;
    %pushi/vec4 4, 0, 3;
    %assign/vec4 v0x5644f2718770_0, 0;
T_10.16 ;
    %vpi_call 2 135 "$display", "i_s: %h s_s: %h t: %h p: %h", v0x5644f27194e0_0, v0x5644f2719760_0, v0x5644f2719980_0, v0x5644f2719580_0 {0 0 0};
    %load/vec4 v0x5644f27196c0_0;
    %addi 1, 0, 5;
    %assign/vec4 v0x5644f27196c0_0, 0;
    %jmp T_10.7;
T_10.6 ;
    %pushi/vec4 1, 0, 1;
    %assign/vec4 v0x5644f27186b0_0, 0;
    %jmp T_10.7;
T_10.7 ;
    %pop/vec4 1;
T_10.1 ;
    %jmp T_10;
    .thread T_10;
    .scope S_0x5644f26f31b0;
T_11 ;
    %pushi/vec4 0, 0, 1;
    %store/vec4 v0x5644f2719840_0, 0, 1;
    %pushi/vec4 1, 0, 1;
    %store/vec4 v0x5644f27198e0_0, 0, 1;
    %pushi/vec4 0, 0, 1;
    %store/vec4 v0x5644f2718a40_0, 0, 1;
    %pushi/vec4 0, 0, 1;
    %store/vec4 v0x5644f2718b10_0, 0, 1;
    %pushi/vec4 0, 0, 32;
    %store/vec4 v0x5644f2718980_0, 0, 32;
    %pushi/vec4 0, 0, 1;
    %store/vec4 v0x5644f2719300_0, 0, 1;
    %pushi/vec4 0, 0, 2;
    %store/vec4 v0x5644f27183a0_0, 0, 2;
    %pushi/vec4 0, 0, 2;
    %store/vec4 v0x5644f27188a0_0, 0, 2;
    %pushi/vec4 0, 0, 5;
    %store/vec4 v0x5644f27196c0_0, 0, 5;
    %pushi/vec4 0, 0, 2;
    %store/vec4 v0x5644f2719620_0, 0, 2;
    %pushi/vec4 0, 0, 96;
    %store/vec4 v0x5644f27185c0_0, 0, 96;
    %pushi/vec4 0, 0, 1;
    %store/vec4 v0x5644f27186b0_0, 0, 1;
    %pushi/vec4 0, 0, 3;
    %store/vec4 v0x5644f2718770_0, 0, 3;
    %end;
    .thread T_11;
    .scope S_0x5644f26f31b0;
T_12 ;
    %vpi_call 2 192 "$dumpfile", "uut.vcd" {0 0 0};
    %vpi_call 2 193 "$dumpvars", 32'sb00000000000000000000000000000000 {0 0 0};
    %end;
    .thread T_12;
    .scope S_0x5644f26f31b0;
T_13 ;
    %wait E_0x5644f26ba1b0;
    %wait E_0x5644f26ba1b0;
    %wait E_0x5644f26ba1b0;
    %pushi/vec4 0, 0, 1;
    %store/vec4 v0x5644f27198e0_0, 0, 1;
    %delay 1000000, 0;
    %vpi_call 2 203 "$finish" {0 0 0};
    %end;
    .thread T_13;
    .scope S_0x5644f26f31b0;
T_14 ;
    %delay 5, 0;
    %load/vec4 v0x5644f2719840_0;
    %inv;
    %store/vec4 v0x5644f2719840_0, 0, 1;
    %jmp T_14;
    .thread T_14;
    .scope S_0x5644f26f31b0;
T_15 ;
    %wait E_0x5644f26ba1b0;
    %load/vec4 v0x5644f27186b0_0;
    %flag_set/vec4 8;
    %jmp/0xz  T_15.0, 8;
    %vpi_call 2 210 "$finish" {0 0 0};
T_15.0 ;
    %jmp T_15;
    .thread T_15;
# The file index is used to find the file name in the following table.
:file_names 3;
    "N/A";
    "<interactive>";
    "/tmp/tmphsjm4ues";
